  Game.cpp
c:\users\mayli\source\repos\game\game\game.cpp(82): warning C4244: 'argument': conversion from 'time_t' to 'unsigned int', possible loss of data
c:\users\mayli\source\repos\game\game\game.cpp(135): warning C4244: 'argument': conversion from 'int' to 'float', possible loss of data
c:\users\mayli\source\repos\game\game\game.cpp(140): warning C4244: 'argument': conversion from 'int' to 'float', possible loss of data
c:\users\mayli\source\repos\game\game\game.cpp(145): warning C4244: 'argument': conversion from 'int' to 'float', possible loss of data
c:\users\mayli\source\repos\game\game\game.cpp(151): warning C4244: 'argument': conversion from 'int' to 'float', possible loss of data
c:\users\mayli\source\repos\game\game\game.cpp(156): warning C4244: 'argument': conversion from 'int' to 'float', possible loss of data
c:\users\mayli\source\repos\game\game\game.cpp(161): warning C4244: 'argument': conversion from 'int' to 'float', possible loss of data
c:\users\mayli\source\repos\game\game\game.cpp(168): warning C4244: 'argument': conversion from 'int' to 'float', possible loss of data
c:\users\mayli\source\repos\game\game\game.cpp(173): warning C4244: 'argument': conversion from 'int' to 'float', possible loss of data
c:\users\mayli\source\repos\game\game\game.cpp(178): warning C4244: 'argument': conversion from 'int' to 'float', possible loss of data
c:\users\mayli\source\repos\game\game\game.cpp(184): warning C4244: 'argument': conversion from 'int' to 'float', possible loss of data
c:\users\mayli\source\repos\game\game\game.cpp(189): warning C4244: 'argument': conversion from 'int' to 'float', possible loss of data
c:\users\mayli\source\repos\game\game\game.cpp(194): warning C4244: 'argument': conversion from 'int' to 'float', possible loss of data
c:\users\mayli\source\repos\game\game\game.cpp(201): warning C4244: 'argument': conversion from 'int' to 'float', possible loss of data
c:\users\mayli\source\repos\game\game\game.cpp(207): warning C4244: 'argument': conversion from 'int' to 'float', possible loss of data
c:\users\mayli\source\repos\game\game\game.cpp(212): warning C4244: 'argument': conversion from 'int' to 'float', possible loss of data
c:\users\mayli\source\repos\game\game\game.cpp(218): warning C4244: 'argument': conversion from 'int' to 'float', possible loss of data
c:\users\mayli\source\repos\game\game\game.cpp(223): warning C4244: 'argument': conversion from 'int' to 'float', possible loss of data
c:\users\mayli\source\repos\game\game\game.cpp(228): warning C4244: 'argument': conversion from 'int' to 'float', possible loss of data
c:\users\mayli\source\repos\game\game\game.cpp(235): warning C4244: 'argument': conversion from 'int' to 'float', possible loss of data
c:\users\mayli\source\repos\game\game\game.cpp(240): warning C4244: 'argument': conversion from 'int' to 'float', possible loss of data
c:\users\mayli\source\repos\game\game\game.cpp(245): warning C4244: 'argument': conversion from 'int' to 'float', possible loss of data
c:\users\mayli\source\repos\game\game\game.cpp(251): warning C4244: 'argument': conversion from 'int' to 'float', possible loss of data
c:\users\mayli\source\repos\game\game\game.cpp(256): warning C4244: 'argument': conversion from 'int' to 'float', possible loss of data
c:\users\mayli\source\repos\game\game\game.cpp(261): warning C4244: 'argument': conversion from 'int' to 'float', possible loss of data
c:\users\mayli\source\repos\game\game\game.cpp(268): warning C4244: 'argument': conversion from 'int' to 'float', possible loss of data
c:\users\mayli\source\repos\game\game\game.cpp(273): warning C4244: 'argument': conversion from 'int' to 'float', possible loss of data
c:\users\mayli\source\repos\game\game\game.cpp(278): warning C4244: 'argument': conversion from 'int' to 'float', possible loss of data
c:\users\mayli\source\repos\game\game\game.cpp(284): warning C4244: 'argument': conversion from 'int' to 'float', possible loss of data
c:\users\mayli\source\repos\game\game\game.cpp(289): warning C4244: 'argument': conversion from 'int' to 'float', possible loss of data
c:\users\mayli\source\repos\game\game\game.cpp(294): warning C4244: 'argument': conversion from 'int' to 'float', possible loss of data
c:\users\mayli\source\repos\game\game\game.cpp(301): warning C4244: 'argument': conversion from 'int' to 'float', possible loss of data
c:\users\mayli\source\repos\game\game\game.cpp(306): warning C4244: 'argument': conversion from 'int' to 'float', possible loss of data
c:\users\mayli\source\repos\game\game\game.cpp(311): warning C4244: 'argument': conversion from 'int' to 'float', possible loss of data
c:\users\mayli\source\repos\game\game\game.cpp(317): warning C4244: 'argument': conversion from 'int' to 'float', possible loss of data
c:\users\mayli\source\repos\game\game\game.cpp(322): warning C4244: 'argument': conversion from 'int' to 'float', possible loss of data
c:\users\mayli\source\repos\game\game\game.cpp(327): warning C4244: 'argument': conversion from 'int' to 'float', possible loss of data
c:\users\mayli\source\repos\game\game\game.cpp(334): warning C4244: 'argument': conversion from 'int' to 'float', possible loss of data
c:\users\mayli\source\repos\game\game\game.cpp(339): warning C4244: 'argument': conversion from 'int' to 'float', possible loss of data
c:\users\mayli\source\repos\game\game\game.cpp(344): warning C4244: 'argument': conversion from 'int' to 'float', possible loss of data
c:\users\mayli\source\repos\game\game\game.cpp(350): warning C4244: 'argument': conversion from 'int' to 'float', possible loss of data
c:\users\mayli\source\repos\game\game\game.cpp(355): warning C4244: 'argument': conversion from 'int' to 'float', possible loss of data
c:\users\mayli\source\repos\game\game\game.cpp(360): warning C4244: 'argument': conversion from 'int' to 'float', possible loss of data
c:\users\mayli\source\repos\game\game\game.cpp(367): warning C4244: 'argument': conversion from 'int' to 'float', possible loss of data
c:\users\mayli\source\repos\game\game\game.cpp(372): warning C4244: 'argument': conversion from 'int' to 'float', possible loss of data
c:\users\mayli\source\repos\game\game\game.cpp(377): warning C4244: 'argument': conversion from 'int' to 'float', possible loss of data
c:\users\mayli\source\repos\game\game\game.cpp(383): warning C4244: 'argument': conversion from 'int' to 'float', possible loss of data
c:\users\mayli\source\repos\game\game\game.cpp(388): warning C4244: 'argument': conversion from 'int' to 'float', possible loss of data
c:\users\mayli\source\repos\game\game\game.cpp(393): warning C4244: 'argument': conversion from 'int' to 'float', possible loss of data
c:\users\mayli\source\repos\game\game\game.cpp(400): warning C4244: 'argument': conversion from 'int' to 'float', possible loss of data
c:\users\mayli\source\repos\game\game\game.cpp(405): warning C4244: 'argument': conversion from 'int' to 'float', possible loss of data
c:\users\mayli\source\repos\game\game\game.cpp(410): warning C4244: 'argument': conversion from 'int' to 'float', possible loss of data
c:\users\mayli\source\repos\game\game\game.cpp(416): warning C4244: 'argument': conversion from 'int' to 'float', possible loss of data
c:\users\mayli\source\repos\game\game\game.cpp(421): warning C4244: 'argument': conversion from 'int' to 'float', possible loss of data
c:\users\mayli\source\repos\game\game\game.cpp(426): warning C4244: 'argument': conversion from 'int' to 'float', possible loss of data
c:\users\mayli\source\repos\game\game\game.cpp(433): warning C4244: 'argument': conversion from 'int' to 'float', possible loss of data
c:\users\mayli\source\repos\game\game\game.cpp(438): warning C4244: 'argument': conversion from 'int' to 'float', possible loss of data
c:\users\mayli\source\repos\game\game\game.cpp(443): warning C4244: 'argument': conversion from 'int' to 'float', possible loss of data
c:\users\mayli\source\repos\game\game\game.cpp(449): warning C4244: 'argument': conversion from 'int' to 'float', possible loss of data
c:\users\mayli\source\repos\game\game\game.cpp(454): warning C4244: 'argument': conversion from 'int' to 'float', possible loss of data
c:\users\mayli\source\repos\game\game\game.cpp(459): warning C4244: 'argument': conversion from 'int' to 'float', possible loss of data
c:\users\mayli\source\repos\game\game\game.cpp(465): warning C4244: 'argument': conversion from 'int' to 'float', possible loss of data
  Generating code
  3 of 118 functions ( 2.5%) were compiled, the rest were copied from previous compilation.
    0 functions were new in current compilation
    0 functions had inline decision re-evaluated but remain unchanged
  Finished generating code
  Game.vcxproj -> C:\Users\mayli\source\repos\Game\Release\Game.exe
